This file contains any messages produced by compilers while
running configure, to aid debugging if configure makes a mistake.

It was created by mobius configure 0.6, which was
generated by GNU Autoconf 2.67.  Invocation command line was

  $ /home/user/mobius/configure --enable-maintainer-mode CFLAGS=-g -O0 CXXFLAGS=-g -O0 JFLAGS=-g -O0 FFLAGS=-g -O0 --no-create --no-recursion

## --------- ##
## Platform. ##
## --------- ##

hostname = ubuntu
uname -m = i686
uname -r = 2.6.38-8-generic
uname -s = Linux
uname -v = #42-Ubuntu SMP Mon Apr 11 03:31:50 UTC 2011

/usr/bin/uname -p = unknown
/bin/uname -X     = unknown

/bin/arch              = unknown
/usr/bin/arch -k       = unknown
/usr/convex/getsysinfo = unknown
/usr/bin/hostinfo      = unknown
/bin/machine           = unknown
/usr/bin/oslevel       = unknown
/bin/universe          = unknown

PATH: /usr/local/sbin
PATH: /usr/local/bin
PATH: /usr/sbin
PATH: /usr/bin
PATH: /sbin
PATH: /bin
PATH: /usr/games


## ----------- ##
## Core tests. ##
## ----------- ##

configure:2414: checking for a BSD-compatible install
configure:2482: result: /usr/bin/install -c
configure:2493: checking whether build environment is sane
configure:2543: result: yes
configure:2684: checking for a thread-safe mkdir -p
configure:2723: result: /bin/mkdir -p
configure:2736: checking for gawk
configure:2766: result: no
configure:2736: checking for mawk
configure:2752: found /usr/bin/mawk
configure:2763: result: mawk
configure:2774: checking whether make sets $(MAKE)
configure:2796: result: yes
configure:2879: checking whether to enable maintainer-specific portions of Makefiles
configure:2888: result: yes
configure:2950: checking for gcc
configure:2966: found /usr/bin/gcc
configure:2977: result: gcc
configure:3206: checking for C compiler version
configure:3215: gcc --version >&5
gcc (Ubuntu/Linaro 4.5.2-8ubuntu4) 4.5.2
Copyright (C) 2010 Free Software Foundation, Inc.
This is free software; see the source for copying conditions.  There is NO
warranty; not even for MERCHANTABILITY or FITNESS FOR A PARTICULAR PURPOSE.

configure:3226: $? = 0
configure:3215: gcc -v >&5
Using built-in specs.
COLLECT_GCC=gcc
COLLECT_LTO_WRAPPER=/usr/lib/i386-linux-gnu/gcc/i686-linux-gnu/4.5.2/lto-wrapper
Target: i686-linux-gnu
Configured with: ../src/configure -v --with-pkgversion='Ubuntu/Linaro 4.5.2-8ubuntu4' --with-bugurl=file:///usr/share/doc/gcc-4.5/README.Bugs --enable-languages=c,c++,fortran,objc,obj-c++ --prefix=/usr --program-suffix=-4.5 --enable-shared --enable-multiarch --with-multiarch-defaults=i386-linux-gnu --enable-linker-build-id --with-system-zlib --libexecdir=/usr/lib/i386-linux-gnu --without-included-gettext --enable-threads=posix --with-gxx-include-dir=/usr/include/c++/4.5 --libdir=/usr/lib/i386-linux-gnu --enable-nls --with-sysroot=/ --enable-clocale=gnu --enable-libstdcxx-debug --enable-libstdcxx-time=yes --enable-plugin --enable-gold --enable-ld=default --with-plugin-ld=ld.gold --enable-objc-gc --enable-targets=all --disable-werror --with-arch-32=i686 --with-tune=generic --enable-checking=release --build=i686-linux-gnu --host=i686-linux-gnu --target=i686-linux-gnu
Thread model: posix
gcc version 4.5.2 (Ubuntu/Linaro 4.5.2-8ubuntu4) 
configure:3226: $? = 0
configure:3215: gcc -V >&5
gcc: '-V' option must have argument
configure:3226: $? = 1
configure:3215: gcc -qversion >&5
gcc: unrecognized option '-qversion'
gcc: no input files
configure:3226: $? = 1
configure:3246: checking whether the C compiler works
configure:3268: gcc -lcrypto   conftest.c  >&5
configure:3272: $? = 0
configure:3320: result: yes
configure:3323: checking for C compiler default output file name
configure:3325: result: a.out
configure:3331: checking for suffix of executables
configure:3338: gcc -o conftest -lcrypto   conftest.c  >&5
configure:3342: $? = 0
configure:3364: result: 
configure:3386: checking whether we are cross compiling
configure:3394: gcc -o conftest -lcrypto   conftest.c  >&5
configure:3398: $? = 0
configure:3405: ./conftest
configure:3409: $? = 0
configure:3424: result: no
configure:3429: checking for suffix of object files
configure:3451: gcc -c -lcrypto  conftest.c >&5
configure:3455: $? = 0
configure:3476: result: o
configure:3480: checking whether we are using the GNU C compiler
configure:3499: gcc -c -lcrypto  conftest.c >&5
configure:3499: $? = 0
configure:3508: result: yes
configure:3517: checking whether gcc accepts -g
configure:3537: gcc -c -g  conftest.c >&5
configure:3537: $? = 0
configure:3578: result: yes
configure:3595: checking for gcc option to accept ISO C89
configure:3659: gcc  -c -lcrypto  conftest.c >&5
configure:3659: $? = 0
configure:3672: result: none needed
configure:3703: checking for style of include used by make
configure:3731: result: GNU
configure:3756: checking dependency style of gcc
configure:3866: result: gcc3
configure:3898: checking how to run the C preprocessor
configure:3929: gcc -E  conftest.c
configure:3929: $? = 0
configure:3943: gcc -E  conftest.c
conftest.c:12:28: fatal error: ac_nonexistent.h: No such file or directory
compilation terminated.
configure:3943: $? = 1
configure: failed program was:
| /* confdefs.h */
| #define PACKAGE_NAME "mobius"
| #define PACKAGE_TARNAME "mobius"
| #define PACKAGE_VERSION "0.6"
| #define PACKAGE_STRING "mobius 0.6"
| #define PACKAGE_BUGREPORT ""
| #define PACKAGE_URL ""
| #define PACKAGE "mobius"
| #define VERSION "0.6"
| #define GETTEXT_PACKAGE "mobius"
| /* end confdefs.h.  */
| #include <ac_nonexistent.h>
configure:3968: result: gcc -E
configure:3988: gcc -E  conftest.c
configure:3988: $? = 0
configure:4002: gcc -E  conftest.c
conftest.c:12:28: fatal error: ac_nonexistent.h: No such file or directory
compilation terminated.
configure:4002: $? = 1
configure: failed program was:
| /* confdefs.h */
| #define PACKAGE_NAME "mobius"
| #define PACKAGE_TARNAME "mobius"
| #define PACKAGE_VERSION "0.6"
| #define PACKAGE_STRING "mobius 0.6"
| #define PACKAGE_BUGREPORT ""
| #define PACKAGE_URL ""
| #define PACKAGE "mobius"
| #define VERSION "0.6"
| #define GETTEXT_PACKAGE "mobius"
| /* end confdefs.h.  */
| #include <ac_nonexistent.h>
configure:4031: checking for grep that handles long lines and -e
configure:4089: result: /bin/grep
configure:4094: checking for egrep
configure:4156: result: /bin/grep -E
configure:4161: checking for ANSI C header files
configure:4181: gcc -c -lcrypto  conftest.c >&5
configure:4181: $? = 0
configure:4254: gcc -o conftest -lcrypto   conftest.c  >&5
configure:4254: $? = 0
configure:4254: ./conftest
configure:4254: $? = 0
configure:4265: result: yes
configure:4278: checking for sys/types.h
configure:4278: gcc -c -lcrypto  conftest.c >&5
configure:4278: $? = 0
configure:4278: result: yes
configure:4278: checking for sys/stat.h
configure:4278: gcc -c -lcrypto  conftest.c >&5
configure:4278: $? = 0
configure:4278: result: yes
configure:4278: checking for stdlib.h
configure:4278: gcc -c -lcrypto  conftest.c >&5
configure:4278: $? = 0
configure:4278: result: yes
configure:4278: checking for string.h
configure:4278: gcc -c -lcrypto  conftest.c >&5
configure:4278: $? = 0
configure:4278: result: yes
configure:4278: checking for memory.h
configure:4278: gcc -c -lcrypto  conftest.c >&5
configure:4278: $? = 0
configure:4278: result: yes
configure:4278: checking for strings.h
configure:4278: gcc -c -lcrypto  conftest.c >&5
configure:4278: $? = 0
configure:4278: result: yes
configure:4278: checking for inttypes.h
configure:4278: gcc -c -lcrypto  conftest.c >&5
configure:4278: $? = 0
configure:4278: result: yes
configure:4278: checking for stdint.h
configure:4278: gcc -c -lcrypto  conftest.c >&5
configure:4278: $? = 0
configure:4278: result: yes
configure:4278: checking for unistd.h
configure:4278: gcc -c -lcrypto  conftest.c >&5
configure:4278: $? = 0
configure:4278: result: yes
configure:4293: checking locale.h usability
configure:4293: gcc -c -lcrypto  conftest.c >&5
configure:4293: $? = 0
configure:4293: result: yes
configure:4293: checking locale.h presence
configure:4293: gcc -E  conftest.c
configure:4293: $? = 0
configure:4293: result: yes
configure:4293: checking for locale.h
configure:4293: result: yes
configure:4304: checking for LC_MESSAGES
configure:4320: gcc -o conftest -lcrypto   conftest.c  >&5
configure:4320: $? = 0
configure:4328: result: yes
configure:4345: checking libintl.h usability
configure:4345: gcc -c -lcrypto  conftest.c >&5
configure:4345: $? = 0
configure:4345: result: yes
configure:4345: checking libintl.h presence
configure:4345: gcc -E  conftest.c
configure:4345: $? = 0
configure:4345: result: yes
configure:4345: checking for libintl.h
configure:4345: result: yes
configure:4353: checking for ngettext in libc
configure:4371: gcc -o conftest -lcrypto   conftest.c  >&5
configure:4371: $? = 0
configure:4380: result: yes
configure:4384: checking for dgettext in libc
configure:4402: gcc -o conftest -lcrypto   conftest.c  >&5
configure:4402: $? = 0
configure:4411: result: yes
configure:4418: checking for bind_textdomain_codeset
configure:4418: gcc -o conftest -lcrypto   conftest.c  >&5
configure:4418: $? = 0
configure:4418: result: yes
configure:4694: checking for msgfmt
configure:4721: result: /usr/bin/msgfmt
configure:4732: checking for dcgettext
configure:4732: gcc -o conftest -lcrypto   conftest.c   >&5
conftest.c:49:6: warning: conflicting types for built-in function 'dcgettext'
configure:4732: $? = 0
configure:4732: result: yes
configure:4742: checking if msgfmt accepts -c
configure:4757: $MSGFMT -c -o /dev/null conftest.foo
configure:4760: $? = 0
configure:4762: result: yes
configure:4772: checking for gmsgfmt
configure:4803: result: /usr/bin/msgfmt
configure:4813: checking for xgettext
configure:4840: result: /usr/bin/xgettext
configure:4859: gcc -o conftest -lcrypto   conftest.c   >&5
configure:4859: $? = 0
configure:4995: checking whether NLS is requested
configure:5004: result: yes
configure:5019: checking for intltool >= 0.35.0
configure:5026: result: 0.41.1 found
configure:5034: checking for intltool-update
configure:5052: found /usr/bin/intltool-update
configure:5064: result: /usr/bin/intltool-update
configure:5074: checking for intltool-merge
configure:5092: found /usr/bin/intltool-merge
configure:5104: result: /usr/bin/intltool-merge
configure:5114: checking for intltool-extract
configure:5132: found /usr/bin/intltool-extract
configure:5144: result: /usr/bin/intltool-extract
configure:5275: checking for xgettext
configure:5305: result: /usr/bin/xgettext
configure:5315: checking for msgmerge
configure:5333: found /usr/bin/msgmerge
configure:5345: result: /usr/bin/msgmerge
configure:5355: checking for msgfmt
configure:5385: result: /usr/bin/msgfmt
configure:5395: checking for gmsgfmt
configure:5426: result: /usr/bin/msgfmt
configure:5446: checking for perl
configure:5464: found /usr/bin/perl
configure:5476: result: /usr/bin/perl
configure:5487: checking for perl >= 5.8.1
configure:5494: result: 5.10.1
configure:5498: checking for XML::Parser
configure:5501: result: ok
configure:5584: checking build system type
configure:5598: result: i686-pc-linux-gnu
configure:5618: checking host system type
configure:5631: result: i686-pc-linux-gnu
configure:5651: checking for a sed that does not truncate output
configure:5715: result: /bin/sed
configure:5733: checking for fgrep
configure:5795: result: /bin/grep -F
configure:5830: checking for ld used by gcc
configure:5897: result: /usr/bin/ld
configure:5904: checking if the linker (/usr/bin/ld) is GNU ld
configure:5919: result: yes
configure:5931: checking for BSD- or MS-compatible name lister (nm)
configure:5980: result: /usr/bin/nm -B
configure:6098: checking the name lister (/usr/bin/nm -B) interface
configure:6105: gcc -c -lcrypto  conftest.c >&5
configure:6108: /usr/bin/nm -B "conftest.o"
configure:6111: output
00000000 B some_variable
configure:6118: result: BSD nm
configure:6121: checking whether ln -s works
configure:6125: result: yes
configure:6133: checking the maximum length of command line arguments
configure:6253: result: 805306365
configure:6270: checking whether the shell understands some XSI constructs
configure:6280: result: yes
configure:6284: checking whether the shell understands "+="
configure:6290: result: yes
configure:6325: checking for /usr/bin/ld option to reload object files
configure:6332: result: -r
configure:6401: checking for objdump
configure:6417: found /usr/bin/objdump
configure:6428: result: objdump
configure:6460: checking how to recognize dependent libraries
configure:6656: result: pass_all
configure:6716: checking for ar
configure:6732: found /usr/bin/ar
configure:6743: result: ar
configure:6821: checking for strip
configure:6837: found /usr/bin/strip
configure:6848: result: strip
configure:6920: checking for ranlib
configure:6936: found /usr/bin/ranlib
configure:6947: result: ranlib
configure:7037: checking command to parse /usr/bin/nm -B output from gcc object
configure:7155: gcc -c -lcrypto  conftest.c >&5
configure:7158: $? = 0
configure:7162: /usr/bin/nm -B conftest.o \| sed -n -e 's/^.*[	 ]\([ABCDGIRSTW][ABCDGIRSTW]*\)[	 ][	 ]*\([_A-Za-z][_A-Za-z0-9]*\)$/\1 \2 \2/p' \> conftest.nm
configure:7165: $? = 0
configure:7219: gcc -o conftest -lcrypto   conftest.c conftstm.o >&5
configure:7222: $? = 0
configure:7260: result: ok
configure:8065: checking for dlfcn.h
configure:8065: gcc -c -lcrypto  conftest.c >&5
configure:8065: $? = 0
configure:8065: result: yes
configure:8249: checking for objdir
configure:8264: result: .libs
configure:8556: checking if gcc supports -fno-rtti -fno-exceptions
configure:8574: gcc -c -lcrypto  -fno-rtti -fno-exceptions conftest.c >&5
cc1: warning: command line option "-fno-rtti" is valid for C++/ObjC++ but not for C
configure:8578: $? = 0
configure:8591: result: no
configure:8611: checking for gcc option to produce PIC
configure:8883: result: -fPIC -DPIC
configure:8895: checking if gcc PIC flag -fPIC -DPIC works
configure:8913: gcc -c -lcrypto  -fPIC -DPIC -DPIC conftest.c >&5
configure:8917: $? = 0
configure:8930: result: yes
configure:8954: checking if gcc static flag -static works
configure:8982: result: yes
configure:8997: checking if gcc supports -c -o file.o
configure:9018: gcc -c -lcrypto  -o out/conftest2.o conftest.c >&5
configure:9022: $? = 0
configure:9044: result: yes
configure:9052: checking if gcc supports -c -o file.o
configure:9099: result: yes
configure:9132: checking whether the gcc linker (/usr/bin/ld) supports shared libraries
configure:10123: result: yes
configure:10160: checking whether -lc should be explicitly linked in
configure:10165: gcc -c -lcrypto  conftest.c >&5
configure:10168: $? = 0
configure:10183: gcc -shared conftest.o  -v -Wl,-soname -Wl,conftest -o conftest 2\>\&1 \| /bin/grep  -lc  \>/dev/null 2\>\&1
configure:10186: $? = 0
configure:10198: result: no
configure:10362: checking dynamic linker characteristics
configure:10795: gcc -o conftest -lcrypto   -Wl,-rpath -Wl,/foo conftest.c  >&5
configure:10795: $? = 0
configure:11025: result: GNU/Linux ld.so
configure:11127: checking how to hardcode library paths into programs
configure:11152: result: immediate
configure:11672: checking whether stripping libraries is possible
configure:11677: result: yes
configure:11712: checking if libtool supports shared libraries
configure:11714: result: yes
configure:11717: checking whether to build shared libraries
configure:11738: result: yes
configure:11741: checking whether to build static libraries
configure:11745: result: yes
configure:11916: creating ./config.status

## ---------------- ##
## Cache variables. ##
## ---------------- ##

ac_cv_build=i686-pc-linux-gnu
ac_cv_c_compiler_gnu=yes
ac_cv_env_CC_set=
ac_cv_env_CC_value=
ac_cv_env_CFLAGS_set=set
ac_cv_env_CFLAGS_value='-g -O0'
ac_cv_env_CPPFLAGS_set=
ac_cv_env_CPPFLAGS_value=
ac_cv_env_CPP_set=
ac_cv_env_CPP_value=
ac_cv_env_LDFLAGS_set=
ac_cv_env_LDFLAGS_value=
ac_cv_env_LIBS_set=
ac_cv_env_LIBS_value=
ac_cv_env_build_alias_set=
ac_cv_env_build_alias_value=
ac_cv_env_host_alias_set=
ac_cv_env_host_alias_value=
ac_cv_env_target_alias_set=
ac_cv_env_target_alias_value=
ac_cv_func_bind_textdomain_codeset=yes
ac_cv_func_dcgettext=yes
ac_cv_header_dlfcn_h=yes
ac_cv_header_inttypes_h=yes
ac_cv_header_libintl_h=yes
ac_cv_header_locale_h=yes
ac_cv_header_memory_h=yes
ac_cv_header_stdc=yes
ac_cv_header_stdint_h=yes
ac_cv_header_stdlib_h=yes
ac_cv_header_string_h=yes
ac_cv_header_strings_h=yes
ac_cv_header_sys_stat_h=yes
ac_cv_header_sys_types_h=yes
ac_cv_header_unistd_h=yes
ac_cv_host=i686-pc-linux-gnu
ac_cv_objext=o
ac_cv_path_EGREP='/bin/grep -E'
ac_cv_path_FGREP='/bin/grep -F'
ac_cv_path_GMSGFMT=/usr/bin/msgfmt
ac_cv_path_GREP=/bin/grep
ac_cv_path_INTLTOOL_EXTRACT=/usr/bin/intltool-extract
ac_cv_path_INTLTOOL_MERGE=/usr/bin/intltool-merge
ac_cv_path_INTLTOOL_PERL=/usr/bin/perl
ac_cv_path_INTLTOOL_UPDATE=/usr/bin/intltool-update
ac_cv_path_MSGFMT=/usr/bin/msgfmt
ac_cv_path_MSGMERGE=/usr/bin/msgmerge
ac_cv_path_SED=/bin/sed
ac_cv_path_XGETTEXT=/usr/bin/xgettext
ac_cv_path_install='/usr/bin/install -c'
ac_cv_path_mkdir=/bin/mkdir
ac_cv_prog_AWK=mawk
ac_cv_prog_CPP='gcc -E'
ac_cv_prog_ac_ct_AR=ar
ac_cv_prog_ac_ct_CC=gcc
ac_cv_prog_ac_ct_OBJDUMP=objdump
ac_cv_prog_ac_ct_RANLIB=ranlib
ac_cv_prog_ac_ct_STRIP=strip
ac_cv_prog_cc_c89=
ac_cv_prog_cc_g=yes
ac_cv_prog_make_make_set=yes
am_cv_CC_dependencies_compiler_type=gcc3
am_cv_val_LC_MESSAGES=yes
gt_cv_func_dgettext_libc=yes
gt_cv_func_dgettext_libintl=no
gt_cv_func_ngettext_libc=yes
gt_cv_have_gettext=yes
lt_cv_deplibs_check_method=pass_all
lt_cv_file_magic_cmd='$MAGIC_CMD'
lt_cv_file_magic_test_file=
lt_cv_ld_reload_flag=-r
lt_cv_nm_interface='BSD nm'
lt_cv_objdir=.libs
lt_cv_path_LD=/usr/bin/ld
lt_cv_path_NM='/usr/bin/nm -B'
lt_cv_prog_compiler_c_o=yes
lt_cv_prog_compiler_pic_works=yes
lt_cv_prog_compiler_rtti_exceptions=no
lt_cv_prog_compiler_static_works=yes
lt_cv_prog_gnu_ld=yes
lt_cv_sys_global_symbol_pipe='sed -n -e '\''s/^.*[	 ]\([ABCDGIRSTW][ABCDGIRSTW]*\)[	 ][	 ]*\([_A-Za-z][_A-Za-z0-9]*\)$/\1 \2 \2/p'\'''
lt_cv_sys_global_symbol_to_c_name_address='sed -n -e '\''s/^: \([^ ]*\) $/  {\"\1\", (void *) 0},/p'\'' -e '\''s/^[ABCDGIRSTW]* \([^ ]*\) \([^ ]*\)$/  {"\2", (void *) \&\2},/p'\'''
lt_cv_sys_global_symbol_to_c_name_address_lib_prefix='sed -n -e '\''s/^: \([^ ]*\) $/  {\"\1\", (void *) 0},/p'\'' -e '\''s/^[ABCDGIRSTW]* \([^ ]*\) \(lib[^ ]*\)$/  {"\2", (void *) \&\2},/p'\'' -e '\''s/^[ABCDGIRSTW]* \([^ ]*\) \([^ ]*\)$/  {"lib\2", (void *) \&\2},/p'\'''
lt_cv_sys_global_symbol_to_cdecl='sed -n -e '\''s/^T .* \(.*\)$/extern int \1();/p'\'' -e '\''s/^[ABCDGIRSTW]* .* \(.*\)$/extern char \1;/p'\'''
lt_cv_sys_max_cmd_len=805306365

## ----------------- ##
## Output variables. ##
## ----------------- ##

ACLOCAL='${SHELL} /home/user/mobius/missing --run aclocal-1.11'
ALL_LINGUAS=''
AMDEPBACKSLASH='\'
AMDEP_FALSE='#'
AMDEP_TRUE=''
AMTAR='${SHELL} /home/user/mobius/missing --run tar'
AM_BACKSLASH='\'
AM_DEFAULT_VERBOSITY='0'
AR='ar'
AUTOCONF='${SHELL} /home/user/mobius/missing --run autoconf'
AUTOHEADER='${SHELL} /home/user/mobius/missing --run autoheader'
AUTOMAKE='${SHELL} /home/user/mobius/missing --run automake-1.11'
AWK='mawk'
CATALOGS=''
CATOBJEXT='.gmo'
CC='gcc'
CCDEPMODE='depmode=gcc3'
CFLAGS='-lcrypto'
CPP='gcc -E'
CPPFLAGS=''
CYGPATH_W='echo'
DATADIRNAME='share'
DEFS='-DHAVE_CONFIG_H'
DEPDIR='.deps'
DSYMUTIL=''
DUMPBIN=''
ECHO_C=''
ECHO_N='-n'
ECHO_T=''
EGREP='/bin/grep -E'
EXEEXT=''
FGREP='/bin/grep -F'
GETTEXT_PACKAGE='mobius'
GMOFILES=''
GMSGFMT='/usr/bin/msgfmt'
GREP='/bin/grep'
INSTALL_DATA='${INSTALL} -m 644'
INSTALL_PROGRAM='${INSTALL}'
INSTALL_SCRIPT='${INSTALL}'
INSTALL_STRIP_PROGRAM='$(install_sh) -c -s'
INSTOBJEXT='.mo'
INTLLIBS=''
INTLTOOL_CAVES_RULE='%.caves:     %.caves.in     $(INTLTOOL_MERGE) $(wildcard $(top_srcdir)/po/*.po) ; LC_ALL=C $(INTLTOOL_MERGE) -d -u -c $(top_builddir)/po/.intltool-merge-cache $(top_srcdir)/po $< $@'
INTLTOOL_DESKTOP_RULE='%.desktop:   %.desktop.in   $(INTLTOOL_MERGE) $(wildcard $(top_srcdir)/po/*.po) ; LC_ALL=C $(INTLTOOL_MERGE) -d -u -c $(top_builddir)/po/.intltool-merge-cache $(top_srcdir)/po $< $@'
INTLTOOL_DIRECTORY_RULE='%.directory: %.directory.in $(INTLTOOL_MERGE) $(wildcard $(top_srcdir)/po/*.po) ; LC_ALL=C $(INTLTOOL_MERGE) -d -u -c $(top_builddir)/po/.intltool-merge-cache $(top_srcdir)/po $< $@'
INTLTOOL_EXTRACT='/usr/bin/intltool-extract'
INTLTOOL_KBD_RULE='%.kbd:       %.kbd.in       $(INTLTOOL_MERGE) $(wildcard $(top_srcdir)/po/*.po) ; LC_ALL=C $(INTLTOOL_MERGE) -x -u -m -c $(top_builddir)/po/.intltool-merge-cache $(top_srcdir)/po $< $@'
INTLTOOL_KEYS_RULE='%.keys:      %.keys.in      $(INTLTOOL_MERGE) $(wildcard $(top_srcdir)/po/*.po) ; LC_ALL=C $(INTLTOOL_MERGE) -k -u -c $(top_builddir)/po/.intltool-merge-cache $(top_srcdir)/po $< $@'
INTLTOOL_MERGE='/usr/bin/intltool-merge'
INTLTOOL_OAF_RULE='%.oaf:       %.oaf.in       $(INTLTOOL_MERGE) $(wildcard $(top_srcdir)/po/*.po) ; LC_ALL=C $(INTLTOOL_MERGE) -o -p $(top_srcdir)/po $< $@'
INTLTOOL_PERL='/usr/bin/perl'
INTLTOOL_POLICY_RULE='%.policy:    %.policy.in    $(INTLTOOL_MERGE) $(wildcard $(top_srcdir)/po/*.po) ; LC_ALL=C $(INTLTOOL_MERGE) -x -u -c $(top_builddir)/po/.intltool-merge-cache $(top_srcdir)/po $< $@'
INTLTOOL_PONG_RULE='%.pong:      %.pong.in      $(INTLTOOL_MERGE) $(wildcard $(top_srcdir)/po/*.po) ; LC_ALL=C $(INTLTOOL_MERGE) -x -u -c $(top_builddir)/po/.intltool-merge-cache $(top_srcdir)/po $< $@'
INTLTOOL_PROP_RULE='%.prop:      %.prop.in      $(INTLTOOL_MERGE) $(wildcard $(top_srcdir)/po/*.po) ; LC_ALL=C $(INTLTOOL_MERGE) -d -u -c $(top_builddir)/po/.intltool-merge-cache $(top_srcdir)/po $< $@'
INTLTOOL_SCHEMAS_RULE='%.schemas:   %.schemas.in   $(INTLTOOL_MERGE) $(wildcard $(top_srcdir)/po/*.po) ; LC_ALL=C $(INTLTOOL_MERGE) -s -u -c $(top_builddir)/po/.intltool-merge-cache $(top_srcdir)/po $< $@'
INTLTOOL_SERVER_RULE='%.server:    %.server.in    $(INTLTOOL_MERGE) $(wildcard $(top_srcdir)/po/*.po) ; LC_ALL=C $(INTLTOOL_MERGE) -o -u -c $(top_builddir)/po/.intltool-merge-cache $(top_srcdir)/po $< $@'
INTLTOOL_SERVICE_RULE='%.service: %.service.in   $(INTLTOOL_MERGE) $(wildcard $(top_srcdir)/po/*.po) ; LC_ALL=C $(INTLTOOL_MERGE) -d -u -c $(top_builddir)/po/.intltool-merge-cache $(top_srcdir)/po $< $@'
INTLTOOL_SHEET_RULE='%.sheet:     %.sheet.in     $(INTLTOOL_MERGE) $(wildcard $(top_srcdir)/po/*.po) ; LC_ALL=C $(INTLTOOL_MERGE) -x -u -c $(top_builddir)/po/.intltool-merge-cache $(top_srcdir)/po $< $@'
INTLTOOL_SOUNDLIST_RULE='%.soundlist: %.soundlist.in $(INTLTOOL_MERGE) $(wildcard $(top_srcdir)/po/*.po) ; LC_ALL=C $(INTLTOOL_MERGE) -d -u -c $(top_builddir)/po/.intltool-merge-cache $(top_srcdir)/po $< $@'
INTLTOOL_THEME_RULE='%.theme:     %.theme.in     $(INTLTOOL_MERGE) $(wildcard $(top_srcdir)/po/*.po) ; LC_ALL=C $(INTLTOOL_MERGE) -d -u -c $(top_builddir)/po/.intltool-merge-cache $(top_srcdir)/po $< $@'
INTLTOOL_UI_RULE='%.ui:        %.ui.in        $(INTLTOOL_MERGE) $(wildcard $(top_srcdir)/po/*.po) ; LC_ALL=C $(INTLTOOL_MERGE) -x -u -c $(top_builddir)/po/.intltool-merge-cache $(top_srcdir)/po $< $@'
INTLTOOL_UPDATE='/usr/bin/intltool-update'
INTLTOOL_XAM_RULE='%.xam:       %.xml.in       $(INTLTOOL_MERGE) $(wildcard $(top_srcdir)/po/*.po) ; LC_ALL=C $(INTLTOOL_MERGE) -x -u -c $(top_builddir)/po/.intltool-merge-cache $(top_srcdir)/po $< $@'
INTLTOOL_XML_NOMERGE_RULE='%.xml:       %.xml.in       $(INTLTOOL_MERGE) ; LC_ALL=C $(INTLTOOL_MERGE) -x -u /tmp $< $@'
INTLTOOL_XML_RULE='%.xml:       %.xml.in       $(INTLTOOL_MERGE) $(wildcard $(top_srcdir)/po/*.po) ; LC_ALL=C $(INTLTOOL_MERGE) -x -u -c $(top_builddir)/po/.intltool-merge-cache $(top_srcdir)/po $< $@'
LD='/usr/bin/ld'
LDFLAGS=''
LIBOBJS=''
LIBS=''
LIBTOOL='$(SHELL) $(top_builddir)/libtool'
LIPO=''
LN_S='ln -s'
LTLIBOBJS=''
MAINT=''
MAINTAINER_MODE_FALSE='#'
MAINTAINER_MODE_TRUE=''
MAKEINFO='${SHELL} /home/user/mobius/missing --run makeinfo'
MKDIR_P='/bin/mkdir -p'
MKINSTALLDIRS='/home/user/mobius/mkinstalldirs'
MSGFMT='/usr/bin/msgfmt'
MSGFMT_OPTS='-c'
MSGMERGE='/usr/bin/msgmerge'
NM='/usr/bin/nm -B'
NMEDIT=''
OBJDUMP='objdump'
OBJEXT='o'
OTOOL64=''
OTOOL=''
PACKAGE='mobius'
PACKAGE_BUGREPORT=''
PACKAGE_NAME='mobius'
PACKAGE_STRING='mobius 0.6'
PACKAGE_TARNAME='mobius'
PACKAGE_URL=''
PACKAGE_VERSION='0.6'
PATH_SEPARATOR=':'
POFILES=''
POSUB='po'
PO_IN_DATADIR_FALSE=''
PO_IN_DATADIR_TRUE=''
RANLIB='ranlib'
SED='/bin/sed'
SET_MAKE=''
SHELL='/bin/bash'
STRIP='strip'
USE_NLS='yes'
VERSION='0.6'
XGETTEXT='/usr/bin/xgettext'
ac_ct_CC='gcc'
ac_ct_DUMPBIN=''
am__EXEEXT_FALSE=''
am__EXEEXT_TRUE='#'
am__fastdepCC_FALSE='#'
am__fastdepCC_TRUE=''
am__include='include'
am__isrc=' -I$(srcdir)'
am__leading_dot='.'
am__quote=''
am__tar='${AMTAR} chof - "$$tardir"'
am__untar='${AMTAR} xf -'
bindir='${exec_prefix}/bin'
build='i686-pc-linux-gnu'
build_alias=''
build_cpu='i686'
build_os='linux-gnu'
build_vendor='pc'
datadir='${datarootdir}'
datarootdir='${prefix}/share'
docdir='${datarootdir}/doc/${PACKAGE_TARNAME}'
dvidir='${docdir}'
exec_prefix='${prefix}'
host='i686-pc-linux-gnu'
host_alias=''
host_cpu='i686'
host_os='linux-gnu'
host_vendor='pc'
htmldir='${docdir}'
includedir='${prefix}/include'
infodir='${datarootdir}/info'
install_sh='${SHELL} /home/user/mobius/install-sh'
libdir='${exec_prefix}/lib'
libexecdir='${exec_prefix}/libexec'
localedir='${datarootdir}/locale'
localstatedir='${prefix}/var'
lt_ECHO='echo'
mandir='${datarootdir}/man'
mkdir_p='/bin/mkdir -p'
oldincludedir='/usr/include'
pdfdir='${docdir}'
prefix='/usr/local'
program_transform_name='s,x,x,'
psdir='${docdir}'
sbindir='${exec_prefix}/sbin'
sharedstatedir='${prefix}/com'
sysconfdir='${prefix}/etc'
target_alias=''

## ----------- ##
## confdefs.h. ##
## ----------- ##

/* confdefs.h */
#define PACKAGE_NAME "mobius"
#define PACKAGE_TARNAME "mobius"
#define PACKAGE_VERSION "0.6"
#define PACKAGE_STRING "mobius 0.6"
#define PACKAGE_BUGREPORT ""
#define PACKAGE_URL ""
#define PACKAGE "mobius"
#define VERSION "0.6"
#define GETTEXT_PACKAGE "mobius"
#define STDC_HEADERS 1
#define HAVE_SYS_TYPES_H 1
#define HAVE_SYS_STAT_H 1
#define HAVE_STDLIB_H 1
#define HAVE_STRING_H 1
#define HAVE_MEMORY_H 1
#define HAVE_STRINGS_H 1
#define HAVE_INTTYPES_H 1
#define HAVE_STDINT_H 1
#define HAVE_UNISTD_H 1
#define HAVE_LOCALE_H 1
#define HAVE_LC_MESSAGES 1
#define HAVE_BIND_TEXTDOMAIN_CODESET 1
#define HAVE_GETTEXT 1
#define HAVE_DCGETTEXT 1
#define ENABLE_NLS 1
#define HAVE_DLFCN_H 1
#define LT_OBJDIR ".libs/"

configure: exit 0

## ---------------------- ##
## Running config.status. ##
## ---------------------- ##

This file was extended by mobius config.status 0.6, which was
generated by GNU Autoconf 2.67.  Invocation command line was

  CONFIG_FILES    = 
  CONFIG_HEADERS  = 
  CONFIG_LINKS    = 
  CONFIG_COMMANDS = 
  $ ./config.status 

on ubuntu

config.status:1144: creating Makefile
config.status:1144: creating src/Makefile
config.status:1144: creating po/Makefile.in
config.status:1144: creating config.h
config.status:1309: config.h is unchanged
config.status:1357: executing depfiles commands
config.status:1357: executing default-1 commands
config.status:1357: executing libtool commands
config.status:1357: executing po/stamp-it commands

## ---------------------- ##
## Running config.status. ##
## ---------------------- ##

This file was extended by mobius config.status 0.6, which was
generated by GNU Autoconf 2.67.  Invocation command line was

  CONFIG_FILES    = 
  CONFIG_HEADERS  = 
  CONFIG_LINKS    = 
  CONFIG_COMMANDS = 
  $ ./config.status config.h

on ubuntu

config.status:1144: creating config.h
config.status:1309: config.h is unchanged

## ---------------------- ##
## Running config.status. ##
## ---------------------- ##

This file was extended by mobius config.status 0.6, which was
generated by GNU Autoconf 2.67.  Invocation command line was

  CONFIG_FILES    = 
  CONFIG_HEADERS  = 
  CONFIG_LINKS    = 
  CONFIG_COMMANDS = 
  $ ./config.status src/Makefile depfiles

on ubuntu

config.status:1144: creating src/Makefile
config.status:1357: executing depfiles commands
